2021-07-01T23:28:12.0232404+10:00;VSTestExecutionThread;Info;SpecFlow+Runner execution started
2021-07-01T23:28:12.0232404+10:00;VSTestExecutionThread;Info;SpecFlow+Runner 3.4.51 in Framework clr40 in x86 mode execution started
2021-07-01T23:28:12.0232404+10:00;VSTestExecutionThread;Info;TestAdapter Location: C:\Users\Jono\.nuget\packages\specrun.runner\3.4.51\tools\net461\TechTalk.SpecRun.VisualStudio.TestAdapter.dll
2021-07-01T23:28:12.0232404+10:00;VSTestExecutionThread;Info;Current UserName: 'Jono', MachineName: 'DESKTOP-PJNP602'
2021-07-01T23:28:12.1112596+10:00;VSTestExecutionThread;Info;SpecRun: running tests in E:\LawpathTestAutomation\TCSBaNCSLink\bin\Debug\net461\LawpathTestAutomation.dll
2021-07-01T23:28:12.1112596+10:00;VSTestExecutionThread;Info;Output folder configured to "E:\LawpathTestAutomation\TestResults" (default)
2021-07-01T23:28:12.1112596+10:00;VSTestExecutionThread;Info;Profile: TCSBaNCSLink
2021-07-01T23:28:12.1352647+10:00;VSTestExecutionThread;Info;Log file path: E:\LawpathTestAutomation\TestResults\TCSBaNCSLink_TCSBaNCSLink_2021-07-01T232812.log
2021-07-01T23:28:12.1382664+10:00;Thread#13;Info;Checking activation
2021-07-01T23:28:12.1792753+10:00;Thread#13;Info;Activated.
2021-07-01T23:28:12.1792753+10:00;Thread#13;Info;Activation check completed
2021-07-01T23:28:12.1792753+10:00;Thread#13;Info;Starting test run
2021-07-01T23:28:12.2022803+10:00;Thread#13;Info;Discovering target: Default
2021-07-01T23:28:12.2022803+10:00;Thread#13;Info;Discovering tests from assembly: E:\LawpathTestAutomation\TCSBaNCSLink\bin\Debug\net461\LawpathTestAutomation.dll
2021-07-01T23:28:12.4023242+10:00;Thread#13;Info;Discovered tests from assembly: E:\LawpathTestAutomation\TCSBaNCSLink\bin\Debug\net461\LawpathTestAutomation.dll
2021-07-01T23:28:12.4023242+10:00:Test Suite Dump
2021-07-01T23:28:12.4033244+10:00:#0: TCSBaNCSLink/TCSBaNCSLink - 
2021-07-01T23:28:12.4033244+10:00:#1: Default - 
2021-07-01T23:28:12.4033244+10:00:#2: LawpathTestAutomation - 
2021-07-01T23:28:12.4033244+10:00:#9: TimeOut - 
2021-07-01T23:28:12.4243297+10:00:#10: User successfully creates a Lawpath account - TestAssembly:LawpathTestAutomation/Feature:TimeOut/Scenario:User+successfully+creates+a+Lawpath+account
2021-07-01T23:28:12.4243297+10:00:End: Test Suite Dump
2021-07-01T23:28:12.4383336+10:00:Thread#0:Scheduler: get next test for thread 0
2021-07-01T23:28:12.4393340+10:00:Thread#:Scheduler: testitem #10 from normal test queue 
2021-07-01T23:28:12.4393340+10:00:Thread#0:Scheduler: considering testitem #10 for thread 0
2021-07-01T23:28:12.4413343+10:00:Thread#0:TestItem#10:testItemMatchesCurrentTestThread:UnSpecific
2021-07-01T23:28:12.4413343+10:00:Thread#0:TestItem#10:runsOnOneOtherThreadSpecific:False
2021-07-01T23:28:12.4413343+10:00:Thread#0:TestItem#10:runsOnOneOtherThreadUnspecific:False
2021-07-01T23:28:12.4413343+10:00:Thread#0:Scheduler: using testitem #10 for thread 0
2021-07-01T23:28:12.4423346+10:00:Thread#0:Scheduler: Test #10 is scheduled for thread
2021-07-01T23:28:12.4433343+10:00:Thread#0:Scheduler: with testItemExecutionIndex 0
2021-07-01T23:28:12.4443342+10:00:Thread #0: creating new test thread executor for LawpathTestAutomation, Version=1.0.0.0, Culture=neutral, PublicKeyToken=null (target: Default)
2021-07-01T23:28:12.4463345+10:00:Thread #0: Creating test assembly executor for execution model AppDomain
2021-07-01T23:28:12.4473360+10:00:Thread #0: Creating test assembly executor for execution model AppDomain
2021-07-01T23:28:12.4483351+10:00:Thread #0: using TechTalk.SpecRun.Framework.Execution.InProcess.InProcAppDomainTestAssemblyExecutorHost to execute tests
2021-07-01T23:28:12.6203738+10:00:Thread#0:T:-> Loading plugin E:\LawpathTestAutomation\TCSBaNCSLink\bin\Debug\net461\LivingDoc.SpecFlowPlugin.dll
2021-07-01T23:28:12.6603826+10:00:Thread#0:T:-> Loading plugin E:\LawpathTestAutomation\TCSBaNCSLink\bin\Debug\net461\SpecRun.Runtime.SpecFlowPlugin.dll
2021-07-01T23:28:12.6633841+10:00:Thread#0:T:-> Using default config
2021-07-01T23:28:12.9774542+10:00:Thread#0: Test #10/0 is started on thread #0
2021-07-01T23:28:12.9954584+10:00:Thread#0:B:Given John has a bad internet connectivity
2021-07-01T23:30:36.5096271+10:00:Thread#0:T:error: Thread was being aborted.
2021-07-01T23:30:37.5768665+10:00:test thread #0 error: System.Threading.ThreadAbortException: Thread was being aborted.
   at System.Runtime.Remoting.Channels.CrossAppDomainSink.SyncProcessMessage(IMessage reqMsg)
   at System.Runtime.Remoting.Proxies.RemotingProxy.CallProcessMessage(IMessageSink ms, IMessage reqMsg, ArrayWithSize proxySinks, Thread currentThread, Context currentContext, Boolean bSkippingContextChain)
   at System.Runtime.Remoting.Proxies.RemotingProxy.InternalInvoke(IMethodCallMessage reqMcmMsg, Boolean useDispatchMessage, Int32 callType)
   at System.Runtime.Remoting.Proxies.RemotingProxy.Invoke(IMessage reqMsg)
   at System.Runtime.Remoting.Proxies.RealProxy.PrivateInvoke(MessageData& msgData, Int32 type)
   at TechTalk.SpecRun.Framework.ITestAssemblyExecutor.RunTests(TestThreadState testThreadState)
   at TechTalk.SpecRun.Framework.Execution.InProcess.InProcAppDomainTestAssemblyExecutorHost.RunTests(TestThreadState testThreadState)
   at TechTalk.SpecRun.Framework.TestThread.RunNonEmptyTestSuite(CancellationToken cancellationToken, TestThreadState testThreadState)
   at TechTalk.SpecRun.Framework.TestThread.Run(ITestExecutionManager executionManagerForRun, CancellationToken cancellationToken)
   at TechTalk.SpecRun.Framework.AsyncTestThreadRunner.RunSync(TestExecutionManager executionManager, CancellationToken cancellationToken)
2021-07-01T23:30:37.5778670+10:00:test thread error: TechTalk.SpecRun.Framework.SpecRunException: At least one test thread aborted. ---> System.Threading.ThreadAbortException: Thread was being aborted.
   at System.Runtime.Remoting.Channels.CrossAppDomainSink.SyncProcessMessage(IMessage reqMsg)
   at System.Runtime.Remoting.Proxies.RemotingProxy.CallProcessMessage(IMessageSink ms, IMessage reqMsg, ArrayWithSize proxySinks, Thread currentThread, Context currentContext, Boolean bSkippingContextChain)
   at System.Runtime.Remoting.Proxies.RemotingProxy.InternalInvoke(IMethodCallMessage reqMcmMsg, Boolean useDispatchMessage, Int32 callType)
   at System.Runtime.Remoting.Proxies.RemotingProxy.Invoke(IMessage reqMsg)
   at System.Runtime.Remoting.Proxies.RealProxy.PrivateInvoke(MessageData& msgData, Int32 type)
   at TechTalk.SpecRun.Framework.ITestAssemblyExecutor.RunTests(TestThreadState testThreadState)
   at TechTalk.SpecRun.Framework.Execution.InProcess.InProcAppDomainTestAssemblyExecutorHost.RunTests(TestThreadState testThreadState)
   at TechTalk.SpecRun.Framework.TestThread.RunNonEmptyTestSuite(CancellationToken cancellationToken, TestThreadState testThreadState)
   at TechTalk.SpecRun.Framework.TestThread.Run(ITestExecutionManager executionManagerForRun, CancellationToken cancellationToken)
   at TechTalk.SpecRun.Framework.AsyncTestThreadRunner.RunSync(TestExecutionManager executionManager, CancellationToken cancellationToken)
   --- End of inner exception stack trace ---
2021-07-01T23:30:37.5778670+10:00:Trying to cancel thread
2021-07-01T23:30:37.5778670+10:00:Thread cancelled
2021-07-01T23:30:37.5818674+10:00:Thread#-1:Scheduler: get next test for thread -1
2021-07-01T23:30:37.5818674+10:00:Thread#:Scheduler: at the end of normal test queue
2021-07-01T23:30:37.5818674+10:00:Thread#-1:Scheduler: enumerator for thread is at end
2021-07-01T23:30:37.5838686+10:00;Thread#13;Info;test run finished
2021-07-01T23:30:37.5838686+10:00;Thread#13;Info;publishing test results
2021-07-01T23:30:37.5868686+10:00;Thread#13;Info;test results published
2021-07-01T23:30:37.5868686+10:00;Thread#13;Info;generating reports
2021-07-01T23:30:37.6578846+10:00;Thread#13;Info;Starting external report generation process
2021-07-01T23:30:38.3640436+10:00;Thread#13;Info;Successfully generated reports.
2021-07-01T23:30:38.3650435+10:00;Thread#13;Info;Successfully generated reports
2021-07-01T23:30:38.3700436+10:00:Total: 1 (test executions: 0)
2021-07-01T23:30:38.3710443+10:00:Succeeded: 0
2021-07-01T23:30:38.3710443+10:00:Ignored: 0
2021-07-01T23:30:38.3720444+10:00:Pending: 0
2021-07-01T23:30:38.3720444+10:00:Skipped: 0
2021-07-01T23:30:38.3720444+10:00:Failed: 0
2021-07-01T23:30:38.3740449+10:00;VSTestExecutionThread;Info;Adding attachments to VSTest
2021-07-01T23:30:38.3740449+10:00;VSTestExecutionThread;Info;adding Test Execution Report 'E:\LawpathTestAutomation\TestResults\TCSBaNCSLink_TCSBaNCSLink_2021-07-01T232812.html'
========== End of log file ==========
